<?xml version="1.0" encoding="UTF-8"?>
<!-- Generated by org.testng.reporters.JUnitReportReporter -->
<testsuite hostname="admin-PC" failures="0" tests="1" name="runner.TestRunner" time="21.864" errors="0" timestamp="2024-10-01T17:54:26 IST" skipped="0">
  <testcase classname="runner.TestRunner" name="runScenario" time="21.864"/>
</testsuite> <!-- runner.TestRunner -->
