<?xml version="1.0" encoding="UTF-8"?>
<!-- Generated by org.testng.reporters.JUnitReportReporter -->
<testsuite hostname="admin-PC" failures="0" tests="2" name="com.testclass.LoginPageTest" time="64.492" errors="0" timestamp="2024-09-26T20:33:14 IST" skipped="0">
  <testcase classname="com.testclass.LoginPageTest" name="TC_SubPage" time="25.826"/>
  <system-out/>
  <testcase classname="com.testclass.LoginPageTest" name="TC_login" time="38.666"/>
  <system-out/>
</testsuite> <!-- com.testclass.LoginPageTest -->
