<?xml version="1.0" encoding="UTF-8"?>
<!-- Generated by org.testng.reporters.JUnitReportReporter -->
<testsuite hostname="admin-PC" failures="0" tests="1" name="com.baseclass.BaseClass" time="13.739" errors="0" timestamp="2024-09-24T19:11:17 IST" skipped="0">
  <testcase classname="com.baseclass.BaseClass" name="launchBrowser" time="13.739"/>
  <system-out/>
</testsuite> <!-- com.baseclass.BaseClass -->
