<?xml version="1.0" encoding="UTF-8"?>
<!-- Generated by org.testng.reporters.JUnitReportReporter -->
<testsuite hostname="admin-PC" failures="0" tests="1" name="com.baseclass.BaseClass" time="20.536" errors="0" timestamp="2024-09-23T15:24:17 IST" skipped="0">
  <testcase classname="com.baseclass.BaseClass" name="launchBrowser" time="20.536"/>
  <system-out/>
</testsuite> <!-- com.baseclass.BaseClass -->
